<?xml version="1.0" encoding="UTF-8"?>
<testng-results skipped="0" failed="0" ignored="0" total="1" passed="1">
  <reporter-output>
  </reporter-output>
  <suite name="Default suite" duration-ms="9233" started-at="2020-07-27T21:40:21 EDT" finished-at="2020-07-27T21:40:30 EDT">
    <groups>
    </groups>
    <test name="Default test" duration-ms="9233" started-at="2020-07-27T21:40:21 EDT" finished-at="2020-07-27T21:40:30 EDT">
      <class name="test.TestClass">
        <test-method status="PASS" signature="testing()[pri:0, instance:test.TestClass@49fc609f]" name="testing" duration-ms="9138" started-at="2020-07-27T21:40:21 EDT" finished-at="2020-07-27T21:40:30 EDT">
          <reporter-output>
          </reporter-output>
        </test-method> <!-- testing -->
      </class> <!-- test.TestClass -->
    </test> <!-- Default test -->
  </suite> <!-- Default suite -->
</testng-results>
